<?xml version="1.0" encoding="UTF-8"?>
<coverage generated="1665589427358" clover="3.2.0">
  <project timestamp="1665589427358" name="All files">
    <metrics statements="17" coveredstatements="17" conditionals="12" coveredconditionals="12" methods="5" coveredmethods="5" elements="34" coveredelements="34" complexity="0" loc="17" ncloc="17" packages="1" files="1" classes="1"/>
    <file name="Calculator.js" path="C:\Users\anesic\Desktop\Predavanja\nedelja 6\TDD\root\Calculator.js">
      <metrics statements="17" coveredstatements="17" conditionals="12" coveredconditionals="12" methods="5" coveredmethods="5"/>
      <line num="2" count="2" type="cond" truecount="6" falsecount="0"/>
      <line num="3" count="1" type="stmt"/>
      <line num="5" count="1" type="stmt"/>
      <line num="9" count="3" type="cond" truecount="2" falsecount="0"/>
      <line num="10" count="1" type="stmt"/>
      <line num="13" count="2" type="stmt"/>
      <line num="14" count="2" type="stmt"/>
      <line num="15" count="8" type="cond" truecount="2" falsecount="0"/>
      <line num="16" count="1" type="stmt"/>
      <line num="18" count="7" type="stmt"/>
      <line num="19" count="1" type="stmt"/>
      <line num="24" count="1" type="stmt"/>
      <line num="28" count="1" type="stmt"/>
      <line num="32" count="2" type="cond" truecount="2" falsecount="0"/>
      <line num="33" count="1" type="stmt"/>
      <line num="35" count="1" type="stmt"/>
      <line num="38" count="1" type="stmt"/>
    </file>
  </project>
</coverage>
