TN:
SF:root\Calculator.js
FN:1,add
FN:8,addMultiple
FN:23,substract
FN:27,multiplicate
FN:31,divide
FNF:5
FNH:5
FNDA:2,add
FNDA:3,addMultiple
FNDA:1,substract
FNDA:1,multiplicate
FNDA:2,divide
DA:2,2
DA:3,1
DA:5,1
DA:9,3
DA:10,1
DA:13,2
DA:14,2
DA:15,8
DA:16,1
DA:18,7
DA:19,1
DA:24,1
DA:28,1
DA:32,2
DA:33,1
DA:35,1
DA:38,1
LF:17
LH:17
BRDA:2,0,0,1
BRDA:2,0,1,1
BRDA:2,1,0,2
BRDA:2,1,1,2
BRDA:2,1,2,2
BRDA:2,1,3,1
BRDA:9,2,0,1
BRDA:9,2,1,2
BRDA:15,3,0,1
BRDA:15,3,1,7
BRDA:32,4,0,1
BRDA:32,4,1,1
BRF:12
BRH:12
end_of_record
